Downloading Physics sets ...
Downloading astro-ph set ..
Downloading 2403.14742
['2403.14742', 1, 1, 1]
Downloading 2403.14744
['2403.14744', 1, 1, 1]
Downloading 2403.14745
['2403.14745', 1, 1, 1]
Downloading 2403.14748
['2403.14748', 1, 1, 1]
Downloading 2403.14749
['2403.14749', 1, 1, 1]
Downloading 2403.14750
['2403.14750', 1, 1, 1]
Downloading 2403.14751
['2403.14751', 1, 1, 1]
Downloading 2403.14758
['2403.14758', 1, 1, 1]
Downloading 2403.14784
['2403.14784', 1, 1, 1]
Downloading 2403.14786
['2403.14786', 1, 1, 1]
Downloading 2403.14793
['2403.14793', 1, 1, 1]
Downloading 2403.14805
['2403.14805', 1, 1, 1]
Downloading 2403.14832
['2403.14832', 1, 1, 1]
Downloading 2403.14845
['2403.14845', 1, 1, 1]
Downloading 2403.14847
['2403.14847', 1, 1, 1]
Downloading 2403.14861
['2403.14861', 1, 1, 1]
Downloading 2403.14873
['2403.14873', 1, 1, 1]
Downloading 2403.14882
['2403.14882', 1, 1, 1]
Downloading 2403.14953
['2403.14953', 1, 1, 1]
Downloading 2403.14996
['2403.14996', 1, 1, 1]
Downloading 2403.15034
['2403.15034', 1, 1, 1]
Downloading 2403.15035
['2403.15035', 1, 1, 1]
Downloading 2403.15081
['2403.15081', 1, 1, 1]
Downloading 2403.15084
['2403.15084', 1, 1, 1]
Downloading 2403.15087
['2403.15087', 1, 1, 1]
Downloading 2403.15106
['2403.15106', 1, 1, 1]
Downloading 2403.15118
['2403.15118', 1, 1, 1]
Downloading 2403.15126
['2403.15126', 1, 1, 1]
Downloading 2403.15134
['2403.15134', 1, 1, 1]
Downloading 2403.15135
['2403.15135', 1, 1, 1]
Downloading 2403.15172
['2403.15172', 1, 1, 1]
Downloading 2403.15202
['2403.15202', 1, 1, 1]
Downloading 2403.15225
['2403.15225', 1, 1, 1]
Downloading 2403.15252
['2403.15252', 1, 1, 1]
Downloading 2403.15254
['2403.15254', 1, 1, 1]
Downloading 2403.15280
['2403.15280', 1, 1, 1]
Downloading 2403.15288
['2403.15288', 1, 1, 1]
Downloading 2403.15305
['2403.15305', 1, 1, 1]
Downloading 2403.15358
['2403.15358', 1, 1, 1]
Downloading 2403.15373
['2403.15373', 1, 1, 1]
Downloading 2403.14762
['2403.14762', 1, 1, 1]
Downloading 2403.14763
['2403.14763', 1, 1, 1]
Downloading 2403.15205
['2403.15205', 1, 1, 1]
Downloading 2403.15318
['2403.15318', 1, 1, 1]
Downloading 2403.15367
['2403.15367', 1, 1, 1]
Downloading 2202.11048
['2202.11048', 1, 1, 1]
Downloading 2303.17518
['2303.17518', 1, 1, 1]
Downloading 2305.16176
['2305.16176', 1, 1, 1]
Downloading 2306.04680
['2306.04680', 1, 1, 1]
Downloading 2306.13061
['2306.13061', 1, 1, 1]
Downloading 2307.03736
['2307.03736', 1, 1, 1]
Downloading 2307.04694
['2307.04694', 1, 1, 1]
Downloading 2307.04794
['2307.04794', 1, 1, 1]
Downloading 2307.12428
['2307.12428', 1, 1, 1]
Downloading 2307.13023
['2307.13023', 1, 1, 1]
Downloading 2309.13117
['2309.13117', 1, 1, 1]
Downloading 2310.01249
['2310.01249', 1, 1, 1]
Downloading 2310.07358
['2310.07358', 1, 1, 1]
Downloading 2310.10855
['2310.10855', 1, 1, 1]
Downloading 2310.14256
['2310.14256', 1, 1, 1]
Downloading 2310.17141
['2310.17141', 1, 1, 1]
Downloading 2311.02972
['2311.02972', 1, 1, 1]
Downloading 2311.14303
['2311.14303', 1, 1, 1]
Downloading 2401.09531
['2401.09531', 1, 1, 1]
Downloading 2401.12122
['2401.12122', 1, 1, 1]
Downloading 2401.15163
['2401.15163', 1, 1, 1]
Downloading 2402.11043
['2402.11043', 1, 1, 1]
Downloading 2403.00488
['2403.00488', 1, 1, 1]
Downloading 2403.04834
['2403.04834', 1, 1, 1]
Downloading 2403.08544
['2403.08544', 1, 1, 1]
Downloading 2403.08891
['2403.08891', 1, 1, 1]
Downloading 2403.09888
['2403.09888', 1, 1, 1]
Downloading cond-mat set ..
Downloading 2403.14747
['2403.14747', 1, 1, 1]
Downloading 2403.14754
['2403.14754', 1, 1, 1]
Downloading 2403.14756
['2403.14756', 1, 1, 1]
Downloading 2403.14766
['2403.14766', 1, 1, 1]
Downloading 2403.14818
['2403.14818', 1, 1, 1]
Downloading 2403.14819
['2403.14819', 1, 1, 1]
Downloading 2403.14823
['2403.14823', 1, 1, 1]
Downloading 2403.14825
['2403.14825', 1, 1, 1]
Downloading 2403.14850
['2403.14850', 1, 1, 1]
Downloading 2403.14851
['2403.14851', 1, 1, 1]
Downloading 2403.14855
['2403.14855', 1, 1, 1]
Downloading 2403.14856
['2403.14856', 1, 1, 1]
Downloading 2403.14857
['2403.14857', 1, 1, 1]
Downloading 2403.14891
['2403.14891', 1, 1, 1]
Downloading 2403.14893
['2403.14893', 1, 1, 1]
Downloading 2403.14906
['2403.14906', 1, 1, 1]
Downloading 2403.14930
['2403.14930', 1, 1, 1]
Downloading 2403.14945
['2403.14945', 1, 1, 1]
Downloading 2403.14955
['2403.14955', 1, 1, 1]
Downloading 2403.14962
['2403.14962', 1, 1, 1]
Downloading 2403.14970
['2403.14970', 1, 1, 1]
Downloading 2403.14980
['2403.14980', 1, 1, 1]
Downloading 2403.14984
['2403.14984', 1, 1, 1]
Downloading 2403.14992
['2403.14992', 1, 1, 1]
Downloading 2403.15007
['2403.15007', 1, 1, 1]
Downloading 2403.15020
['2403.15020', 1, 1, 1]
Downloading 2403.15036
['2403.15036', 1, 1, 1]
Downloading 2403.15041
['2403.15041', 1, 1, 1]
Downloading 2403.15047
['2403.15047', 1, 1, 1]
Downloading 2403.15050
['2403.15050', 1, 1, 1]
Downloading 2403.15060
['2403.15060', 1, 1, 1]
Downloading 2403.15070
['2403.15070', 1, 1, 1]
Downloading 2403.15090
['2403.15090', 1, 1, 1]
Downloading 2403.15148
['2403.15148', 1, 1, 1]
Downloading 2403.15154
['2403.15154', 1, 1, 1]
Downloading 2403.15168
['2403.15168', 1, 1, 1]
Downloading 2403.15177
['2403.15177', 1, 1, 1]
Downloading 2403.15196
['2403.15196', 1, 1, 1]
Downloading 2403.15222
['2403.15222', 1, 1, 1]
Downloading 2403.15229
['2403.15229', 1, 1, 1]
Downloading 2403.15242
['2403.15242', 1, 1, 1]
Downloading 2403.15266
['2403.15266', 1, 1, 1]
Downloading 2403.15270
['2403.15270', 1, 1, 1]
Downloading 2403.15277
['2403.15277', 1, 1, 1]
Downloading 2403.15283
['2403.15283', 1, 1, 1]
Downloading 2403.15310
['2403.15310', 1, 1, 1]
Downloading 2403.15311
['2403.15311', 1, 1, 1]
Downloading 2403.15315
['2403.15315', 1, 1, 1]
Downloading 2403.15340
['2403.15340', 1, 1, 1]
Downloading 2403.15343
['2403.15343', 1, 1, 1]
Downloading 2403.15346
['2403.15346', 1, 1, 1]
Downloading 2403.15347
['2403.15347', 1, 1, 1]
Downloading 2403.15348
['2403.15348', 1, 1, 1]
Downloading 2403.15372
['2403.15372', 1, 1, 1]
Downloading 2403.15386
['2403.15386', 1, 1, 1]
Downloading 2403.14647
['2403.14647', 1, 1, 1]
Downloading 2403.14700
['2403.14700', 1, 1, 1]
Downloading 2403.14752
['2403.14752', 1, 1, 1]
Downloading 2403.14755
['2403.14755', 1, 1, 1]
Downloading 2403.14768
['2403.14768', 1, 1, 1]
Downloading 2403.14799
['2403.14799', 1, 1, 1]
Downloading 2403.14807
['2403.14807', 1, 1, 1]
Downloading 2403.14865
['2403.14865', 1, 1, 1]
Downloading 2403.14867
['2403.14867', 1, 1, 1]
Downloading 2403.14912
['2403.14912', 1, 1, 1]
Downloading 2403.15092
['2403.15092', 1, 1, 1]
Downloading 2403.15164
['2403.15164', 1, 1, 1]
Downloading 2403.15193
['2403.15193', 1, 1, 1]
Downloading 2403.15204
['2403.15204', 1, 1, 1]
Downloading 2403.15290
['2403.15290', 1, 1, 1]
Downloading 1912.11791
['1912.11791', 1, 1, 1]
Downloading 2206.14736
['2206.14736', 1, 1, 1]
Downloading 2209.10427
['2209.10427', 1, 1, 1]
Downloading 2301.00824
['2301.00824', 1, 1, 1]
Downloading 2302.09964
['2302.09964', 1, 1, 1]
Downloading 2303.03147
['2303.03147', 1, 1, 1]
Downloading 2303.07962
['2303.07962', 1, 1, 1]
Downloading 2304.07903
['2304.07903', 1, 1, 1]
Downloading 2305.00913
['2305.00913', 1, 1, 1]
Downloading 2306.07182
['2306.07182', 1, 1, 1]
Downloading 2306.14494
['2306.14494', 1, 1, 1]
Downloading 2306.14500
['2306.14500', 1, 1, 1]
Downloading 2306.16716
['2306.16716', 1, 1, 1]
Downloading 2307.01805
['2307.01805', 1, 1, 1]
Downloading 2307.06761
['2307.06761', 1, 1, 1]
Downloading 2307.11560
['2307.11560', 1, 1, 1]
Downloading 2308.07853
['2308.07853', 1, 1, 1]
Downloading 2308.08289
['2308.08289', 1, 1, 1]
Downloading 2309.14913
['2309.14913', 1, 1, 1]
Downloading 2309.15157
['2309.15157', 1, 1, 1]
Downloading 2309.16415
['2309.16415', 1, 1, 1]
Downloading 2309.17279
['2309.17279', 1, 1, 1]
Downloading 2310.12098
['2310.12098', 1, 1, 1]
Downloading 2310.19419
['2310.19419', 1, 1, 1]
Downloading 2310.20648
['2310.20648', 1, 1, 1]
Downloading 2311.05023
['2311.05023', 1, 1, 1]
Downloading 2311.10676
['2311.10676', 1, 1, 1]
Downloading 2312.05487
['2312.05487', 1, 1, 1]
Downloading 2312.11613
['2312.11613', 1, 1, 1]
Downloading 2401.09213
['2401.09213', 1, 1, 1]
Downloading 2402.05085
['2402.05085', 1, 1, 1]
Downloading 2402.10784
['2402.10784', 1, 1, 1]
Downloading 2402.13471
['2402.13471', 1, 1, 1]
Downloading 2402.17197
['2402.17197', 1, 1, 1]
Downloading 2403.00156
['2403.00156', 1, 1, 1]
Downloading 2403.01171
['2403.01171', 1, 1, 1]
Downloading 2403.02676
['2403.02676', 1, 1, 1]
Downloading 2403.04835
['2403.04835', 1, 1, 1]
Downloading 2403.06481
['2403.06481', 1, 1, 1]
Downloading 2403.07739
['2403.07739', 1, 1, 1]
Downloading 2403.07771
['2403.07771', 1, 1, 1]
Downloading 2403.10721
['2403.10721', 1, 1, 1]
Downloading 2403.11698
['2403.11698', 1, 1, 1]
Downloading 2403.11739
['2403.11739', 1, 1, 1]
Downloading 2403.12306
['2403.12306', 1, 1, 1]
Downloading 2403.13685
['2403.13685', 1, 1, 1]
Downloading 2403.13699
['2403.13699', 1, 1, 1]
Downloading 2403.13733
['2403.13733', 1, 1, 1]
Downloading 2403.13879
['2403.13879', 1, 1, 1]
Downloading 2403.14055
['2403.14055', 1, 1, 1]
Downloading gr-qc set ..
Downloading 2403.14730
['2403.14730', 1, 1, 1]
Downloading 2403.14834
['2403.14834', 1, 1, 1]
Downloading 2403.15158
['2403.15158', 1, 1, 1]
Downloading 2403.15174
['2403.15174', 1, 1, 1]
Downloading 2403.15205
['2403.15205', 1, 1, 1]
Downloading 2403.15318
['2403.15318', 1, 1, 1]
Downloading 2403.15320
['2403.15320', 1, 1, 1]
Downloading 2403.15355
['2403.15355', 1, 1, 1]
Downloading 2403.14752
['2403.14752', 1, 1, 1]
Downloading 2403.14793
['2403.14793', 1, 1, 1]
Downloading 2403.14846
['2403.14846', 1, 1, 1]
Downloading 2403.14889
['2403.14889', 1, 1, 1]
Downloading 2403.15126
['2403.15126', 1, 1, 1]
Downloading 2403.15134
['2403.15134', 1, 1, 1]
Downloading 2403.15202
['2403.15202', 1, 1, 1]
Downloading 2403.15373
['2403.15373', 1, 1, 1]
Downloading 2202.11048
['2202.11048', 1, 1, 1]
Downloading 2212.12484
['2212.12484', 1, 1, 1]
Downloading 2307.01768
['2307.01768', 1, 1, 1]
Downloading 2307.03736
['2307.03736', 1, 1, 1]
Downloading 2307.04694
['2307.04694', 1, 1, 1]
Downloading 2309.13117
['2309.13117', 1, 1, 1]
Downloading 2310.01249
['2310.01249', 1, 1, 1]
Downloading 2310.05700
['2310.05700', 1, 1, 1]
Downloading 2310.07358
['2310.07358', 1, 1, 1]
Downloading 2310.08667
['2310.08667', 1, 1, 1]
Downloading 2312.08971
['2312.08971', 1, 1, 1]
Downloading hep-ex set ..
Downloading 2403.14858
['2403.14858', 1, 1, 1]
Downloading 2403.14878
['2403.14878', 1, 1, 1]
Downloading 2403.14948
['2403.14948', 1, 1, 1]
Downloading 2403.14998
['2403.14998', 1, 1, 1]
Downloading 2403.15016
['2403.15016', 1, 1, 1]
Downloading 2403.15085
['2403.15085', 1, 1, 1]
Downloading 2403.15093
['2403.15093', 1, 1, 1]
Downloading 2403.15296
['2403.15296', 1, 1, 1]
Downloading 2403.15332
['2403.15332', 1, 1, 1]
Downloading 2403.14757
['2403.14757', 1, 1, 1]
Downloading 2403.14804
['2403.14804', 1, 1, 1]
Downloading 2403.14903
['2403.14903', 1, 1, 1]
Downloading 2403.15000
['2403.15000', 1, 1, 1]
Downloading 2403.15046
['2403.15046', 1, 1, 1]
Downloading 2403.15367
['2403.15367', 1, 1, 1]
Downloading 2403.15387
['2403.15387', 1, 1, 1]
Downloading 2307.03102
['2307.03102', 1, 1, 1]
Downloading 2308.02430
['2308.02430', 1, 1, 1]
Downloading 2308.15151
['2308.15151', 1, 1, 1]
Downloading 2310.13370
['2310.13370', 1, 1, 1]
Downloading 2310.19047
['2310.19047', 1, 1, 1]
Downloading 2312.09189
['2312.09189', 1, 1, 1]
Downloading 2402.03463
['2402.03463', 1, 1, 1]
Downloading hep-lat set ..
Downloading 2403.13607
['2403.13607', 1, 1, 1]
Downloading 2403.12085
['2403.12085', 1, 1, 1]
Downloading 2403.12692
['2403.12692', 1, 1, 1]
Downloading 2403.12758
['2403.12758', 1, 1, 1]
Downloading 2403.13508
['2403.13508', 1, 1, 1]
Downloading 2306.12884
['2306.12884', 1, 1, 1]
Downloading 2311.10108
['2311.10108', 1, 1, 1]
Downloading 2402.09774
['2402.09774', 1, 1, 1]
Downloading 2403.03959
['2403.03959', 1, 1, 1]
Downloading 2308.12207
['2308.12207', 1, 1, 1]
Downloading 2401.04800
['2401.04800', 1, 1, 1]
Downloading hep-ph set ..
Downloading 2403.14757
['2403.14757', 1, 1, 1]
Downloading 2403.14759
['2403.14759', 1, 1, 1]
Downloading 2403.14762
['2403.14762', 1, 1, 1]
Downloading 2403.14776
['2403.14776', 1, 1, 1]
Downloading 2403.14929
['2403.14929', 1, 1, 1]
Downloading 2403.14993
['2403.14993', 1, 1, 1]
Downloading 2403.15000
['2403.15000', 1, 1, 1]
Downloading 2403.15046
['2403.15046', 1, 1, 1]
Downloading 2403.15110
['2403.15110', 1, 1, 1]
Downloading 2403.15187
['2403.15187', 1, 1, 1]
Downloading 2403.15247
['2403.15247', 1, 1, 1]
Downloading 2403.15269
['2403.15269', 1, 1, 1]
Downloading 2403.15354
['2403.15354', 1, 1, 1]
Downloading 2403.15367
['2403.15367', 1, 1, 1]
Downloading 2403.15387
['2403.15387', 1, 1, 1]
Downloading 2403.13899
['2403.13899', 1, 1, 1]
Downloading 2403.15134
['2403.15134', 1, 1, 1]
Downloading 2403.15305
['2403.15305', 1, 1, 1]
Downloading 2403.15375
['2403.15375', 1, 1, 1]
Downloading 2110.14500
['2110.14500', 1, 1, 1]
Downloading 2303.03147
['2303.03147', 1, 1, 1]
Downloading 2305.16176
['2305.16176', 1, 1, 1]
Downloading 2306.04680
['2306.04680', 1, 1, 1]
Downloading 2306.13061
['2306.13061', 1, 1, 1]
Downloading 2306.16443
['2306.16443', 1, 1, 1]
Downloading 2307.04694
['2307.04694', 1, 1, 1]
Downloading 2307.13023
['2307.13023', 1, 1, 1]
Downloading 2308.07659
['2308.07659', 1, 1, 1]
Downloading 2308.15151
['2308.15151', 1, 1, 1]
Downloading 2309.03937
['2309.03937', 1, 1, 1]
Downloading 2309.06900
['2309.06900', 1, 1, 1]
Downloading 2309.12741
['2309.12741', 1, 1, 1]
Downloading 2310.07358
['2310.07358', 1, 1, 1]
Downloading 2310.13370
['2310.13370', 1, 1, 1]
Downloading 2310.19047
['2310.19047', 1, 1, 1]
Downloading 2312.09189
['2312.09189', 1, 1, 1]
Downloading 2402.03463
['2402.03463', 1, 1, 1]
Downloading 2403.00914
['2403.00914', 1, 1, 1]
Downloading 2403.01814
['2403.01814', 1, 1, 1]
Downloading 2403.04835
['2403.04835', 1, 1, 1]
Downloading 2403.08583
['2403.08583', 1, 1, 1]
Downloading 2403.12868
['2403.12868', 1, 1, 1]
Downloading 2403.13021
['2403.13021', 1, 1, 1]
Downloading hep-th set ..
Downloading 2403.14763
['2403.14763', 1, 1, 1]
Downloading 2403.14810
['2403.14810', 1, 1, 1]
Downloading 2403.14816
['2403.14816', 1, 1, 1]
Downloading 2403.14889
['2403.14889', 1, 1, 1]
Downloading 2403.14920
['2403.14920', 1, 1, 1]
Downloading 2403.14933
['2403.14933', 1, 1, 1]
Downloading 2403.15003
['2403.15003', 1, 1, 1]
Downloading 2403.15326
['2403.15326', 1, 1, 1]
Downloading 2403.14644
['2403.14644', 1, 1, 1]
Downloading 2403.14752
['2403.14752', 1, 1, 1]
Downloading 2403.14757
['2403.14757', 1, 1, 1]
Downloading 2403.14766
['2403.14766', 1, 1, 1]
Downloading 2403.14962
['2403.14962', 1, 1, 1]
Downloading 2403.14964
['2403.14964', 1, 1, 1]
Downloading 2403.15126
['2403.15126', 1, 1, 1]
Downloading 2403.15174
['2403.15174', 1, 1, 1]
Downloading 2403.15205
['2403.15205', 1, 1, 1]
Downloading 2403.15270
['2403.15270', 1, 1, 1]
Downloading 2403.15276
['2403.15276', 1, 1, 1]
Downloading 2206.14736
['2206.14736', 1, 1, 1]
Downloading 2301.00824
['2301.00824', 1, 1, 1]
Downloading 2303.03147
['2303.03147', 1, 1, 1]
Downloading 2306.04680
['2306.04680', 1, 1, 1]
Downloading 2306.07321
['2306.07321', 1, 1, 1]
Downloading 2306.16443
['2306.16443', 1, 1, 1]
Downloading 2307.04694
['2307.04694', 1, 1, 1]
Downloading 2308.07619
['2308.07619', 1, 1, 1]
Downloading 2309.03937
['2309.03937', 1, 1, 1]
Downloading 2310.01492
['2310.01492', 1, 1, 1]
Downloading 2310.05700
['2310.05700', 1, 1, 1]
Downloading 2310.08667
['2310.08667', 1, 1, 1]
Downloading 2310.11494
['2310.11494', 1, 1, 1]
Downloading 2312.08971
['2312.08971', 1, 1, 1]
Downloading 2401.03766
['2401.03766', 1, 1, 1]
Downloading 2401.16401
['2401.16401', 1, 1, 1]
Downloading 2402.10269
['2402.10269', 1, 1, 1]
Downloading 2403.04835
['2403.04835', 1, 1, 1]
Downloading 2403.07739
['2403.07739', 1, 1, 1]
Downloading 2403.13879
['2403.13879', 1, 1, 1]
Downloading 2403.14588
['2403.14588', 1, 1, 1]
Downloading math-ph set ..
Downloading 2403.14698
['2403.14698', 1, 1, 1]
Downloading 2403.14768
['2403.14768', 1, 1, 1]
Downloading 2403.14846
['2403.14846', 1, 1, 1]
Downloading 2403.15381
['2403.15381', 1, 1, 1]
Downloading 2305.14371
['2305.14371', 1, 1, 1]
Downloading 2403.14755
['2403.14755', 1, 1, 1]
Downloading 2403.14871
['2403.14871', 1, 1, 1]
Downloading 2403.14920
['2403.14920', 1, 1, 1]
Downloading 2403.14921
['2403.14921', 1, 1, 1]
Downloading 2403.14957
['2403.14957', 1, 1, 1]
Downloading 2403.15006
['2403.15006', 1, 1, 1]
Downloading 2403.15308
['2403.15308', 1, 1, 1]
Downloading 2403.15343
['2403.15343', 1, 1, 1]
Downloading 2403.15350
['2403.15350', 1, 1, 1]
Downloading 2109.02121
['2109.02121', 1, 1, 1]
Downloading 2203.17183
['2203.17183', 1, 1, 1]
Downloading 2206.14736
['2206.14736', 1, 1, 1]
Downloading 2209.13272
['2209.13272', 1, 1, 1]
Downloading 2210.09065
['2210.09065', 1, 1, 1]
Downloading 2212.09718
['2212.09718', 1, 1, 1]
Downloading 2212.10148
['2212.10148', 1, 1, 1]
Downloading 2301.00824
['2301.00824', 1, 1, 1]
Downloading 2308.07619
['2308.07619', 1, 1, 1]
Downloading 2311.05023
['2311.05023', 1, 1, 1]
Downloading 2401.03766
['2401.03766', 1, 1, 1]
Downloading 2402.10269
['2402.10269', 1, 1, 1]
Downloading 2402.11043
['2402.11043', 1, 1, 1]
Downloading nlin set ..
Downloading 2403.14842
['2403.14842', 1, 1, 1]
Downloading 2403.14584
['2403.14584', 1, 1, 1]
Downloading 2403.14807
['2403.14807', 1, 1, 1]
Downloading 2403.14856
['2403.14856', 1, 1, 1]
Downloading 2403.15005
['2403.15005', 1, 1, 1]
Downloading 2304.05913
['2304.05913', 1, 1, 1]
Downloading 2304.05925
['2304.05925', 1, 1, 1]
Downloading 2308.07619
['2308.07619', 1, 1, 1]
Downloading 2401.00885
['2401.00885', 1, 1, 1]
Downloading 2401.09213
['2401.09213', 1, 1, 1]
Downloading 2402.10784
['2402.10784', 1, 1, 1]
Downloading nucl-ex set ..
Downloading 2403.14722
['2403.14722', 1, 1, 1]
Downloading 2403.15213
['2403.15213', 1, 1, 1]
Downloading 2403.15000
['2403.15000', 1, 1, 1]
Downloading 2308.02430
['2308.02430', 1, 1, 1]
Downloading 2308.15151
['2308.15151', 1, 1, 1]
Downloading 2310.19047
['2310.19047', 1, 1, 1]
Downloading 2310.19419
['2310.19419', 1, 1, 1]
Downloading nucl-th set ..
Downloading 2403.15375
['2403.15375', 1, 1, 1]
Downloading 2403.14786
['2403.14786', 1, 1, 1]
Downloading 2403.15000
['2403.15000', 1, 1, 1]
Downloading 2403.15187
['2403.15187', 1, 1, 1]
Downloading 2403.15290
['2403.15290', 1, 1, 1]
Downloading 2303.17518
['2303.17518', 1, 1, 1]
Downloading 2308.07659
['2308.07659', 1, 1, 1]
Downloading 2308.15151
['2308.15151', 1, 1, 1]
Downloading 2310.19047
['2310.19047', 1, 1, 1]
Downloading 2310.19419
['2310.19419', 1, 1, 1]
Downloading physics set ..
Downloading 2403.14629
['2403.14629', 1, 1, 1]
Downloading 2403.14700
['2403.14700', 1, 1, 1]
Downloading 2403.14740
['2403.14740', 1, 1, 1]
Downloading 2403.14794
['2403.14794', 1, 1, 1]
Downloading 2403.14804
['2403.14804', 1, 1, 1]
Downloading 2403.14809
['2403.14809', 1, 1, 1]
Downloading 2403.14863
['2403.14863', 1, 1, 1]
Downloading 2403.14865
['2403.14865', 1, 1, 1]
Downloading 2403.14867
['2403.14867', 1, 1, 1]
Downloading 2403.14876
['2403.14876', 1, 1, 1]
Downloading 2403.14892
['2403.14892', 1, 1, 1]
Downloading 2403.14928
['2403.14928', 1, 1, 1]
Downloading 2403.14979
['2403.14979', 1, 1, 1]
Downloading 2403.14983
['2403.14983', 1, 1, 1]
Downloading 2403.14994
['2403.14994', 1, 1, 1]
Downloading 2403.15005
['2403.15005', 1, 1, 1]
Downloading 2403.15014
['2403.15014', 1, 1, 1]
Downloading 2403.15028
['2403.15028', 1, 1, 1]
Downloading 2403.15051
['2403.15051', 1, 1, 1]
Downloading 2403.15071
['2403.15071', 1, 1, 1]
Downloading 2403.15095
['2403.15095', 1, 1, 1]
Downloading 2403.15117
['2403.15117', 1, 1, 1]
Downloading 2403.15129
['2403.15129', 1, 1, 1]
Downloading 2403.15133
['2403.15133', 1, 1, 1]
Downloading 2403.15141
['2403.15141', 1, 1, 1]
Downloading 2403.15144
['2403.15144', 1, 1, 1]
Downloading 2403.15153
['2403.15153', 1, 1, 1]
Downloading 2403.15155
['2403.15155', 1, 1, 1]
Downloading 2403.15178
['2403.15178', 1, 1, 1]
Downloading 2403.15199
['2403.15199', 1, 1, 1]
Downloading 2403.15204
['2403.15204', 1, 1, 1]
Downloading 2403.15217
['2403.15217', 1, 1, 1]
Downloading 2403.15265
['2403.15265', 1, 1, 1]
Downloading 2403.15334
['2403.15334', 1, 1, 1]
Downloading 2403.15379
['2403.15379', 1, 1, 1]
Downloading 2403.14671
['2403.14671', 1, 1, 1]
Downloading 2403.14672
['2403.14672', 1, 1, 1]
Downloading 2403.14698
['2403.14698', 1, 1, 1]
Downloading 2403.14741
['2403.14741', 1, 1, 1]
Downloading 2403.14752
['2403.14752', 1, 1, 1]
Downloading 2403.14799
['2403.14799', 1, 1, 1]
Downloading 2403.14806
['2403.14806', 1, 1, 1]
Downloading 2403.14856
['2403.14856', 1, 1, 1]
Downloading 2403.14861
['2403.14861', 1, 1, 1]
Downloading 2403.14878
['2403.14878', 1, 1, 1]
Downloading 2403.14913
['2403.14913', 1, 1, 1]
Downloading 2403.14930
['2403.14930', 1, 1, 1]
Downloading 2403.14948
['2403.14948', 1, 1, 1]
Downloading 2403.15020
['2403.15020', 1, 1, 1]
Downloading 2403.15047
['2403.15047', 1, 1, 1]
Downloading 2403.15060
['2403.15060', 1, 1, 1]
Downloading 2403.15073
['2403.15073', 1, 1, 1]
Downloading 2403.15092
['2403.15092', 1, 1, 1]
Downloading 2403.15101
['2403.15101', 1, 1, 1]
Downloading 2403.15193
['2403.15193', 1, 1, 1]
Downloading 2403.15291
['2403.15291', 1, 1, 1]
Downloading 2403.15293
['2403.15293', 1, 1, 1]
Downloading 2403.15295
['2403.15295', 1, 1, 1]
Downloading 2403.15337
['2403.15337', 1, 1, 1]
Downloading 2403.15352
['2403.15352', 1, 1, 1]
Downloading 2304.05925
['2304.05925', 1, 1, 1]
Downloading 2306.03661
['2306.03661', 1, 1, 1]
Downloading 2307.03102
['2307.03102', 1, 1, 1]
Downloading 2308.01434
['2308.01434', 1, 1, 1]
Downloading 2308.08289
['2308.08289', 1, 1, 1]
Downloading 2309.06900
['2309.06900', 1, 1, 1]
Downloading 2310.18044
['2310.18044', 1, 1, 1]
Downloading 2310.18256
['2310.18256', 1, 1, 1]
Downloading 2311.10278
['2311.10278', 1, 1, 1]
Downloading 2312.03347
['2312.03347', 1, 1, 1]
Downloading 2312.12858
['2312.12858', 1, 1, 1]
Downloading 2401.01463
['2401.01463', 1, 1, 1]
Downloading 2401.04299
['2401.04299', 1, 1, 1]
Downloading 2401.12410
['2401.12410', 1, 1, 1]
Downloading 2401.14253
['2401.14253', 1, 1, 1]
Downloading 2402.10274
['2402.10274', 1, 1, 1]
Downloading 2402.10285
['2402.10285', 1, 1, 1]
Downloading 2402.10311
['2402.10311', 1, 1, 1]
Downloading 2402.13471
['2402.13471', 1, 1, 1]
Downloading 2403.09888
['2403.09888', 1, 1, 1]
Downloading 2403.11930
['2403.11930', 1, 1, 1]
Downloading 2403.13414
['2403.13414', 1, 1, 1]
Downloading 2403.13789
['2403.13789', 1, 1, 1]
Downloading 2403.14055
['2403.14055', 1, 1, 1]
Downloading 2403.14288
['2403.14288', 1, 1, 1]
Downloading quant-ph set ..
Downloading 2403.14630
['2403.14630', 1, 1, 1]
Downloading 2403.14647
['2403.14647', 1, 1, 1]
Downloading 2403.14655
['2403.14655', 1, 1, 1]
Downloading 2403.14656
['2403.14656', 1, 1, 1]
Downloading 2403.14672
['2403.14672', 1, 1, 1]
Downloading 2403.14703
['2403.14703', 1, 1, 1]
Downloading 2403.14746
['2403.14746', 1, 1, 1]
Downloading 2403.14752
['2403.14752', 1, 1, 1]
Downloading 2403.14753
['2403.14753', 1, 1, 1]
Downloading 2403.14755
['2403.14755', 1, 1, 1]
Downloading 2403.14764
['2403.14764', 1, 1, 1]
Downloading 2403.14765
['2403.14765', 1, 1, 1]
Downloading 2403.14785
['2403.14785', 1, 1, 1]
Downloading 2403.14807
['2403.14807', 1, 1, 1]
Downloading 2403.14811
['2403.14811', 1, 1, 1]
Downloading 2403.14835
['2403.14835', 1, 1, 1]
Downloading 2403.14912
['2403.14912', 1, 1, 1]
Downloading 2403.14967
['2403.14967', 1, 1, 1]
Downloading 2403.15031
['2403.15031', 1, 1, 1]
Downloading 2403.15066
['2403.15066', 1, 1, 1]
Downloading 2403.15164
['2403.15164', 1, 1, 1]
Downloading 2403.15179
['2403.15179', 1, 1, 1]
Downloading 2403.15186
['2403.15186', 1, 1, 1]
Downloading 2403.15193
['2403.15193', 1, 1, 1]
Downloading 2403.15206
['2403.15206', 1, 1, 1]
Downloading 2403.15237
['2403.15237', 1, 1, 1]
Downloading 2403.15276
['2403.15276', 1, 1, 1]
Downloading 2403.15290
['2403.15290', 1, 1, 1]
Downloading 2403.15295
['2403.15295', 1, 1, 1]
Downloading 2403.15308
['2403.15308', 1, 1, 1]
Downloading 2403.15331
['2403.15331', 1, 1, 1]
Downloading 2403.15337
['2403.15337', 1, 1, 1]
Downloading 2403.15339
['2403.15339', 1, 1, 1]
Downloading 2403.15342
['2403.15342', 1, 1, 1]
Downloading 2403.15345
['2403.15345', 1, 1, 1]
Downloading 2403.14601
['2403.14601', 1, 1, 1]
Downloading 2403.14757
['2403.14757', 1, 1, 1]
Downloading 2403.14766
['2403.14766', 1, 1, 1]
Downloading 2403.14962
['2403.14962', 1, 1, 1]
Downloading 2403.15020
['2403.15020', 1, 1, 1]
Downloading 2403.15154
['2403.15154', 1, 1, 1]
Downloading 2403.15155
['2403.15155', 1, 1, 1]
Downloading 2403.15177
['2403.15177', 1, 1, 1]
Downloading 2403.15310
['2403.15310', 1, 1, 1]
Downloading 2403.15315
['2403.15315', 1, 1, 1]
Downloading 2104.04248
['2104.04248', 1, 1, 1]
Downloading 2203.17183
['2203.17183', 1, 1, 1]
Downloading 2206.14736
['2206.14736', 1, 1, 1]
Downloading 2210.09065
['2210.09065', 1, 1, 1]
Downloading 2211.06003
['2211.06003', 1, 1, 1]
Downloading 2301.00824
['2301.00824', 1, 1, 1]
Downloading 2302.09964
['2302.09964', 1, 1, 1]
Downloading 2303.04796
['2303.04796', 1, 1, 1]
Downloading 2304.02408
['2304.02408', 1, 1, 1]
Downloading 2305.00913
['2305.00913', 1, 1, 1]
Downloading 2305.03179
['2305.03179', 1, 1, 1]
Downloading 2305.09374
['2305.09374', 1, 1, 1]
Downloading 2305.15648
['2305.15648', 1, 1, 1]
Downloading 2306.16716
['2306.16716', 1, 1, 1]
Downloading 2307.01805
['2307.01805', 1, 1, 1]
Downloading 2307.06761
['2307.06761', 1, 1, 1]
Downloading 2307.09444
['2307.09444', 1, 1, 1]
Downloading 2307.10729
['2307.10729', 1, 1, 1]
Downloading 2307.14427
['2307.14427', 1, 1, 1]
Downloading 2308.05418
['2308.05418', 1, 1, 1]
Downloading 2308.07659
['2308.07659', 1, 1, 1]
Downloading 2309.12516
['2309.12516', 1, 1, 1]
Downloading 2310.13918
['2310.13918', 1, 1, 1]
Downloading 2310.19419
['2310.19419', 1, 1, 1]
Downloading 2311.05023
['2311.05023', 1, 1, 1]
Downloading 2311.07086
['2311.07086', 1, 1, 1]
Downloading 2311.11817
['2311.11817', 1, 1, 1]
Downloading 2311.15587
['2311.15587', 1, 1, 1]
Downloading 2312.05487
['2312.05487', 1, 1, 1]
Downloading 2401.04002
['2401.04002', 1, 1, 1]
Downloading 2402.10784
['2402.10784', 1, 1, 1]
Downloading 2403.12979
['2403.12979', 1, 1, 1]
Downloading 2403.13699
['2403.13699', 1, 1, 1]
Downloading 2403.13879
['2403.13879', 1, 1, 1]
Downloading 2403.14288
['2403.14288', 1, 1, 1]
Downloading Mathematics sets ...
Downloading math set ..
Downloading 2403.14631
['2403.14631', 1, 1, 1]
Downloading 2403.14632
['2403.14632', 1, 1, 1]
Downloading 2403.14634
['2403.14634', 1, 1, 1]
Downloading 2403.14640
['2403.14640', 1, 1, 1]
Downloading 2403.14644
['2403.14644', 1, 1, 1]
Downloading 2403.14698
['2403.14698', 1, 1, 1]
Downloading 2403.14761
['2403.14761', 1, 1, 1]
Downloading 2403.14768
['2403.14768', 1, 1, 1]
Downloading 2403.14771
['2403.14771', 1, 1, 1]
Downloading 2403.14775
['2403.14775', 1, 1, 1]
Downloading 2403.14777
['2403.14777', 1, 1, 1]
Downloading 2403.14779
['2403.14779', 1, 1, 1]
Downloading 2403.14782
['2403.14782', 1, 1, 1]
Downloading 2403.14787
['2403.14787', 1, 1, 1]
Downloading 2403.14798
['2403.14798', 1, 1, 1]
Downloading 2403.14812
['2403.14812', 1, 1, 1]
Downloading 2403.14815
['2403.14815', 1, 1, 1]
Downloading 2403.14824
['2403.14824', 1, 1, 1]
Downloading 2403.14826
['2403.14826', 1, 1, 1]
Downloading 2403.14827
['2403.14827', 1, 1, 1]
Downloading 2403.14831
['2403.14831', 1, 1, 1]
Downloading 2403.14846
['2403.14846', 1, 1, 1]
Downloading 2403.14848
['2403.14848', 1, 1, 1]
Downloading 2403.14849
['2403.14849', 1, 1, 1]
Downloading 2403.14866
['2403.14866', 1, 1, 1]
Downloading 2403.14871
['2403.14871', 1, 1, 1]
Downloading 2403.14875
['2403.14875', 1, 1, 1]
Downloading 2403.14881
['2403.14881', 1, 1, 1]
Downloading 2403.14884
['2403.14884', 1, 1, 1]
Downloading 2403.14894
['2403.14894', 1, 1, 1]
Downloading 2403.14900
['2403.14900', 1, 1, 1]
Downloading 2403.14901
['2403.14901', 1, 1, 1]
Downloading 2403.14904
['2403.14904', 1, 1, 1]
Downloading 2403.14907
['2403.14907', 1, 1, 1]
Downloading 2403.14909
['2403.14909', 1, 1, 1]
Downloading 2403.14911
['2403.14911', 1, 1, 1]
Downloading 2403.14914
['2403.14914', 1, 1, 1]
Downloading 2403.14915
['2403.14915', 1, 1, 1]
Downloading 2403.14921
['2403.14921', 1, 1, 1]
Downloading 2403.14923
['2403.14923', 1, 1, 1]
Downloading 2403.14924
['2403.14924', 1, 1, 1]
Downloading 2403.14934
['2403.14934', 1, 1, 1]
Downloading 2403.14935
['2403.14935', 1, 1, 1]
Downloading 2403.14936
['2403.14936', 1, 1, 1]
Downloading 2403.14942
['2403.14942', 1, 1, 1]
Downloading 2403.14943
['2403.14943', 1, 1, 1]
Downloading 2403.14957
['2403.14957', 1, 1, 1]
Downloading 2403.14959
['2403.14959', 1, 1, 1]
Downloading 2403.14960
['2403.14960', 1, 1, 1]
Downloading 2403.14961
['2403.14961', 1, 1, 1]
Downloading 2403.14964
['2403.14964', 1, 1, 1]
Downloading 2403.14969
['2403.14969', 1, 1, 1]
Downloading 2403.14975
['2403.14975', 1, 1, 1]
Downloading 2403.14976
['2403.14976', 1, 1, 1]
Downloading 2403.14978
['2403.14978', 1, 1, 1]
Downloading 2403.14981
['2403.14981', 1, 1, 1]
Downloading 2403.14991
['2403.14991', 1, 1, 1]
Downloading 2403.15001
['2403.15001', 1, 1, 1]
Downloading 2403.15006
['2403.15006', 1, 1, 1]
Downloading 2403.15015
['2403.15015', 1, 1, 1]
Downloading 2403.15018
['2403.15018', 1, 1, 1]
Downloading 2403.15024
['2403.15024', 1, 1, 1]
Downloading 2403.15039
['2403.15039', 1, 1, 1]
Downloading 2403.15043
['2403.15043', 1, 1, 1]
Downloading 2403.15053
['2403.15053', 1, 1, 1]
Downloading 2403.15055
['2403.15055', 1, 1, 1]
Downloading 2403.15056
['2403.15056', 1, 1, 1]
Downloading 2403.15057
['2403.15057', 1, 1, 1]
Downloading 2403.15058
['2403.15058', 1, 1, 1]
Downloading 2403.15086
['2403.15086', 1, 1, 1]
Downloading 2403.15094
['2403.15094', 1, 1, 1]
Downloading 2403.15096
['2403.15096', 1, 1, 1]
Downloading 2403.15099
['2403.15099', 1, 1, 1]
Downloading 2403.15101
['2403.15101', 1, 1, 1]
Downloading 2403.15104
['2403.15104', 1, 1, 1]
Downloading 2403.15109
['2403.15109', 1, 1, 1]
Downloading 2403.15120
['2403.15120', 1, 1, 1]
Downloading 2403.15125
['2403.15125', 1, 1, 1]
Downloading 2403.15130
['2403.15130', 1, 1, 1]
Downloading 2403.15131
['2403.15131', 1, 1, 1]
Downloading 2403.15136
['2403.15136', 1, 1, 1]
Downloading 2403.15138
['2403.15138', 1, 1, 1]
Downloading 2403.15145
['2403.15145', 1, 1, 1]
Downloading 2403.15147
['2403.15147', 1, 1, 1]
Downloading 2403.15159
['2403.15159', 1, 1, 1]
Downloading 2403.15160
['2403.15160', 1, 1, 1]
Downloading 2403.15162
['2403.15162', 1, 1, 1]
Downloading 2403.15165
['2403.15165', 1, 1, 1]
Downloading 2403.15166
['2403.15166', 1, 1, 1]
Downloading 2403.15175
['2403.15175', 1, 1, 1]
Downloading 2403.15184
['2403.15184', 1, 1, 1]
Downloading 2403.15188
['2403.15188', 1, 1, 1]
Downloading 2403.15190
['2403.15190', 1, 1, 1]
Downloading 2403.15201
['2403.15201', 1, 1, 1]
Downloading 2403.15211
['2403.15211', 1, 1, 1]
Downloading 2403.15219
['2403.15219', 1, 1, 1]
Downloading 2403.15221
['2403.15221', 1, 1, 1]
Downloading 2403.15228
['2403.15228', 1, 1, 1]
Downloading 2403.15231
['2403.15231', 1, 1, 1]
Downloading 2403.15232
['2403.15232', 1, 1, 1]
Downloading 2403.15240
['2403.15240', 1, 1, 1]
Downloading 2403.15253
['2403.15253', 1, 1, 1]
Downloading 2403.15255
['2403.15255', 1, 1, 1]
Downloading 2403.15259
['2403.15259', 1, 1, 1]
Downloading 2403.15261
['2403.15261', 1, 1, 1]
Downloading 2403.15275
['2403.15275', 1, 1, 1]
Downloading 2403.15286
['2403.15286', 1, 1, 1]
Downloading 2403.15287
['2403.15287', 1, 1, 1]
Downloading 2403.15292
['2403.15292', 1, 1, 1]
Downloading 2403.15294
['2403.15294', 1, 1, 1]
Downloading 2403.15298
['2403.15298', 1, 1, 1]
Downloading 2403.15299
['2403.15299', 1, 1, 1]
Downloading 2403.15300
['2403.15300', 1, 1, 1]
Downloading 2403.15312
['2403.15312', 1, 1, 1]
Downloading 2403.15338
['2403.15338', 1, 1, 1]
Downloading 2403.15344
['2403.15344', 1, 1, 1]
Downloading 2403.15349
['2403.15349', 1, 1, 1]
Downloading 2403.15350
['2403.15350', 1, 1, 1]
Downloading 2403.15357
['2403.15357', 1, 1, 1]
Downloading 2403.15359
['2403.15359', 1, 1, 1]
Downloading 2403.15381
['2403.15381', 1, 1, 1]
Downloading 2305.14371
['2305.14371', 1, 1, 1]
Downloading 2403.14584
['2403.14584', 1, 1, 1]
Downloading 2403.14688
['2403.14688', 1, 1, 1]
Downloading 2403.14755
['2403.14755', 1, 1, 1]
Downloading 2403.14792
['2403.14792', 1, 1, 1]
Downloading 2403.14816
['2403.14816', 1, 1, 1]
Downloading 2403.14822
['2403.14822', 1, 1, 1]
Downloading 2403.14844
['2403.14844', 1, 1, 1]
Downloading 2403.14868
['2403.14868', 1, 1, 1]
Downloading 2403.14897
['2403.14897', 1, 1, 1]
Downloading 2403.14920
['2403.14920', 1, 1, 1]
Downloading 2403.14931
['2403.14931', 1, 1, 1]
Downloading 2403.14958
['2403.14958', 1, 1, 1]
Downloading 2403.15083
['2403.15083', 1, 1, 1]
Downloading 2403.15108
['2403.15108', 1, 1, 1]
Downloading 2403.15140
['2403.15140', 1, 1, 1]
Downloading 2403.15146
['2403.15146', 1, 1, 1]
Downloading 2403.15215
['2403.15215', 1, 1, 1]
Downloading 2403.15244
['2403.15244', 1, 1, 1]
Downloading 2403.15308
['2403.15308', 1, 1, 1]
Downloading 2403.15343
['2403.15343', 1, 1, 1]
Downloading 1706.08152
['1706.08152', 1, 1, 1]
Downloading 1802.06294
['1802.06294', 1, 1, 1]
Downloading 1906.05898
['1906.05898', 1, 1, 1]
Downloading 1909.06689
['1909.06689', 1, 1, 1]
Downloading 1909.08865
['1909.08865', 1, 1, 1]
Downloading 2102.10517
['2102.10517', 1, 1, 1]
Downloading 2104.05385
['2104.05385', 1, 1, 1]
Downloading 2104.10206
['2104.10206', 1, 1, 1]
Downloading 2109.02121
['2109.02121', 1, 1, 1]
Downloading 2109.10735
['2109.10735', 1, 1, 1]
Downloading 2109.12949
['2109.12949', 1, 1, 1]
Downloading 2110.11035
['2110.11035', 1, 1, 1]
Downloading 2112.04160
['2112.04160', 1, 1, 1]
Downloading 2112.05645
['2112.05645', 1, 1, 1]
Downloading 2112.07206
['2112.07206', 1, 1, 1]
Downloading 2201.11553
['2201.11553', 1, 1, 1]
Downloading 2203.13776
['2203.13776', 1, 1, 1]
Downloading 2203.17183
['2203.17183', 1, 1, 1]
Downloading 2204.05382
['2204.05382', 1, 1, 1]
Downloading 2204.10354
['2204.10354', 1, 1, 1]
Downloading 2204.13093
['2204.13093', 1, 1, 1]
Downloading 2206.14736
['2206.14736', 1, 1, 1]
Downloading 2206.14959
['2206.14959', 1, 1, 1]
Downloading 2208.10360
['2208.10360', 1, 1, 1]
Downloading 2208.13276
['2208.13276', 1, 1, 1]
Downloading 2209.13272
['2209.13272', 1, 1, 1]
Downloading 2209.14653
['2209.14653', 1, 1, 1]
Downloading 2210.09065
['2210.09065', 1, 1, 1]
Downloading 2210.13847
['2210.13847', 1, 1, 1]
Downloading 2211.06003
['2211.06003', 1, 1, 1]
Downloading 2211.08375
['2211.08375', 1, 1, 1]
Downloading 2211.11932
['2211.11932', 1, 1, 1]
Downloading 2212.02355
['2212.02355', 1, 1, 1]
Downloading 2212.05697
['2212.05697', 1, 1, 1]
Downloading 2212.09718
['2212.09718', 1, 1, 1]
Downloading 2212.10148
['2212.10148', 1, 1, 1]
Downloading 2212.10369
['2212.10369', 1, 1, 1]
Downloading 2301.00824
['2301.00824', 1, 1, 1]
Downloading 2301.02386
['2301.02386', 1, 1, 1]
Downloading 2302.02312
['2302.02312', 1, 1, 1]
Downloading 2302.13647
['2302.13647', 1, 1, 1]
Downloading 2303.05626
['2303.05626', 1, 1, 1]
Downloading 2303.09198
['2303.09198', 1, 1, 1]
Downloading 2303.17722
['2303.17722', 1, 1, 1]
Downloading 2304.03765
['2304.03765', 1, 1, 1]
Downloading 2304.03887
['2304.03887', 1, 1, 1]
Downloading 2304.07696
['2304.07696', 1, 1, 1]
Downloading 2304.09445
['2304.09445', 1, 1, 1]
Downloading 2304.10924
['2304.10924', 1, 1, 1]
Downloading 2304.11553
['2304.11553', 1, 1, 1]
Downloading 2305.01317
['2305.01317', 1, 1, 1]
Downloading 2305.03469
['2305.03469', 1, 1, 1]
Downloading 2305.06835
['2305.06835', 1, 1, 1]
Downloading 2305.17288
['2305.17288', 1, 1, 1]
Downloading 2305.18180
['2305.18180', 1, 1, 1]
Downloading 2306.07376
['2306.07376', 1, 1, 1]
Downloading 2306.15027
['2306.15027', 1, 1, 1]
Downloading 2307.08010
['2307.08010', 1, 1, 1]
Downloading 2307.08080
['2307.08080', 1, 1, 1]
Downloading 2307.12943
['2307.12943', 1, 1, 1]
Downloading 2308.00984
['2308.00984', 1, 1, 1]
Downloading 2308.06052
['2308.06052', 1, 1, 1]
Downloading 2308.07619
['2308.07619', 1, 1, 1]
Downloading 2308.10688
['2308.10688', 1, 1, 1]
Downloading 2309.00098
['2309.00098', 1, 1, 1]
Downloading 2309.05422
['2309.05422', 1, 1, 1]
Downloading 2309.06985
['2309.06985', 1, 1, 1]
Downloading 2309.12888
['2309.12888', 1, 1, 1]
Downloading 2309.12958
['2309.12958', 1, 1, 1]
Downloading 2309.14192
['2309.14192', 1, 1, 1]
Downloading 2309.16512
['2309.16512', 1, 1, 1]
Downloading 2309.16648
['2309.16648', 1, 1, 1]
Downloading 2310.00667
['2310.00667', 1, 1, 1]
Downloading 2310.02485
['2310.02485', 1, 1, 1]
Downloading 2310.04116
['2310.04116', 1, 1, 1]
Downloading 2310.05257
['2310.05257', 1, 1, 1]
Downloading 2310.06516
['2310.06516', 1, 1, 1]
Downloading 2310.09284
['2310.09284', 1, 1, 1]
Downloading 2310.10173
['2310.10173', 1, 1, 1]
Downloading 2310.14098
['2310.14098', 1, 1, 1]
Downloading 2310.18124
['2310.18124', 1, 1, 1]
Downloading 2310.19419
['2310.19419', 1, 1, 1]
Downloading 2311.01628
['2311.01628', 1, 1, 1]
Downloading 2311.03821
['2311.03821', 1, 1, 1]
Downloading 2311.05023
['2311.05023', 1, 1, 1]
Downloading 2311.06857
['2311.06857', 1, 1, 1]
Downloading 2311.07440
['2311.07440', 1, 1, 1]
Downloading 2311.10270
['2311.10270', 1, 1, 1]
Downloading 2311.15587
['2311.15587', 1, 1, 1]
Downloading 2311.16884
['2311.16884', 1, 1, 1]
Downloading 2311.18438
['2311.18438', 1, 1, 1]
Downloading 2312.03283
['2312.03283', 1, 1, 1]
Downloading 2312.03614
['2312.03614', 1, 1, 1]
Downloading 2312.07726
['2312.07726', 1, 1, 1]
Downloading 2312.15745
['2312.15745', 1, 1, 1]
Downloading 2312.16152
['2312.16152', 1, 1, 1]
Downloading 2312.16464
['2312.16464', 1, 1, 1]
Downloading 2312.16814
['2312.16814', 1, 1, 1]
Downloading 2401.03766
['2401.03766', 1, 1, 1]
Downloading 2401.05681
['2401.05681', 1, 1, 1]
Downloading 2401.10870
['2401.10870', 1, 1, 1]
Downloading 2401.12764
['2401.12764', 1, 1, 1]
Downloading 2402.04944
['2402.04944', 1, 1, 1]
Downloading 2402.05069
['2402.05069', 1, 1, 1]
Downloading 2402.06803
['2402.06803', 1, 1, 1]
Downloading 2402.07606
['2402.07606', 1, 1, 1]
Downloading 2402.09217
['2402.09217', 1, 1, 1]
Downloading 2402.10269
['2402.10269', 1, 1, 1]
Downloading 2402.10326
['2402.10326', 1, 1, 1]
Downloading 2402.11043
['2402.11043', 1, 1, 1]
Downloading 2402.15213
['2402.15213', 1, 1, 1]
Downloading 2402.15453
['2402.15453', 1, 1, 1]
Downloading 2402.18810
['2402.18810', 1, 1, 1]
Downloading 2402.19445
['2402.19445', 1, 1, 1]
Downloading 2403.00488
['2403.00488', 1, 1, 1]
Downloading 2403.01831
['2403.01831', 1, 1, 1]
Downloading 2403.04860
['2403.04860', 1, 1, 1]
Downloading 2403.05413
['2403.05413', 1, 1, 1]
Downloading 2403.05848
Traceback (most recent call last):
  File "/usr/local/lib/python3.9/site-packages/urllib3/response.py", line 737, in _error_catcher
    yield
  File "/usr/local/lib/python3.9/site-packages/urllib3/response.py", line 862, in _raw_read
    data = self._fp_read(amt, read1=read1) if not fp_closed else b""
  File "/usr/local/lib/python3.9/site-packages/urllib3/response.py", line 845, in _fp_read
    return self._fp.read(amt) if amt is not None else self._fp.read()
  File "/usr/local/lib/python3.9/http/client.py", line 463, in read
    n = self.readinto(b)
  File "/usr/local/lib/python3.9/http/client.py", line 507, in readinto
    n = self.fp.readinto(b)
  File "/usr/local/lib/python3.9/socket.py", line 704, in readinto
    return self._sock.recv_into(b)
  File "/usr/local/lib/python3.9/ssl.py", line 1275, in recv_into
    return self.read(nbytes, buffer)
  File "/usr/local/lib/python3.9/ssl.py", line 1133, in read
    return self._sslobj.read(len, buffer)
ConnectionResetError: [Errno 104] Connection reset by peer

The above exception was the direct cause of the following exception:

Traceback (most recent call last):
  File "/usr/local/lib/python3.9/site-packages/requests/models.py", line 816, in generate
    yield from self.raw.stream(chunk_size, decode_content=True)
  File "/usr/local/lib/python3.9/site-packages/urllib3/response.py", line 1043, in stream
    data = self.read(amt=amt, decode_content=decode_content)
  File "/usr/local/lib/python3.9/site-packages/urllib3/response.py", line 935, in read
    data = self._raw_read(amt)
  File "/usr/local/lib/python3.9/site-packages/urllib3/response.py", line 891, in _raw_read
    self._fp.close()
  File "/usr/local/lib/python3.9/contextlib.py", line 137, in __exit__
    self.gen.throw(typ, value, traceback)
  File "/usr/local/lib/python3.9/site-packages/urllib3/response.py", line 764, in _error_catcher
    raise ProtocolError(f"Connection broken: {e!r}", e) from e
urllib3.exceptions.ProtocolError: ("Connection broken: ConnectionResetError(104, 'Connection reset by peer')", ConnectionResetError(104, 'Connection reset by peer'))

During handling of the above exception, another exception occurred:

Traceback (most recent call last):
  File "/app/arxiv_download.py", line 136, in <module>
    main()
  File "/app/arxiv_download.py", line 122, in main
    download_status = download_metadata_and_pdf(arxiv_id, paper_dir)
  File "/app/arxiv_download.py", line 78, in download_metadata_and_pdf
    ep_response = requests.get(ep)
  File "/usr/local/lib/python3.9/site-packages/requests/api.py", line 73, in get
    return request("get", url, params=params, **kwargs)
  File "/usr/local/lib/python3.9/site-packages/requests/api.py", line 59, in request
    return session.request(method=method, url=url, **kwargs)
  File "/usr/local/lib/python3.9/site-packages/requests/sessions.py", line 589, in request
    resp = self.send(prep, **send_kwargs)
  File "/usr/local/lib/python3.9/site-packages/requests/sessions.py", line 747, in send
    r.content
  File "/usr/local/lib/python3.9/site-packages/requests/models.py", line 899, in content
    self._content = b"".join(self.iter_content(CONTENT_CHUNK_SIZE)) or b""
  File "/usr/local/lib/python3.9/site-packages/requests/models.py", line 818, in generate
    raise ChunkedEncodingError(e)
requests.exceptions.ChunkedEncodingError: ("Connection broken: ConnectionResetError(104, 'Connection reset by peer')", ConnectionResetError(104, 'Connection reset by peer'))
/bin/sh: 1: python: not found
